2025-04-30 22:23:35,811 - root - WARNING - fake-useragent не установлен. Будет использован стандартный User-Agent
2025-04-30 22:23:58,324 - root - WARNING - fake-useragent не установлен. Будет использован стандартный User-Agent
2025-04-30 22:26:11,940 - root - WARNING - fake-useragent не установлен. Будет использован стандартный User-Agent
2025-05-01 15:12:02,364 - __main__ - INFO - РћР±СЂР°Р±РѕС‚РєР° СЃС‚СЂР°РЅРёС†С‹ 1: https://russia.superjob.ru/vacancy/search/?keywords=Python&page=1
2025-05-01 15:12:02,364 - __main__ - INFO - РћР±СЂР°Р±РѕС‚РєР° СЃС‚СЂР°РЅРёС†С‹ 2: https://russia.superjob.ru/vacancy/search/?keywords=Python&page=2
2025-05-01 15:12:06,938 - __main__ - WARNING - Р РµРґРёСЂРµРєС‚ РЅР° /vacancy/search/?keywords=Python
2025-05-01 15:12:06,939 - __main__ - INFO - РћР±СЂР°Р±РѕС‚РєР° СЃС‚СЂР°РЅРёС†С‹ 3: https://russia.superjob.ru/vacancy/search/?keywords=Python&page=3
2025-05-01 15:12:10,081 - __main__ - ERROR - РћР±РЅР°СЂСѓР¶РµРЅР° РєР°РїС‡Р°. РџР°СѓР·Р° РЅР° 5 РјРёРЅСѓС‚.
2025-05-01 15:12:11,473 - __main__ - WARNING - Р РµРґРёСЂРµРєС‚ РЅР° /vacancy/search/?keywords=Python
2025-05-01 15:12:11,473 - __main__ - WARNING - РџСЂРѕРїСѓСЃРє СЃС‚СЂР°РЅРёС†С‹ РёР·-Р·Р° РѕР±РЅР°СЂСѓР¶РµРЅРЅРѕР№ РєР°РїС‡Рё
2025-05-01 15:12:11,473 - __main__ - WARNING - РџСЂРѕРїСѓСЃРє СЃС‚СЂР°РЅРёС†С‹ РёР·-Р·Р° РѕР±РЅР°СЂСѓР¶РµРЅРЅРѕР№ РєР°РїС‡Рё
2025-05-01 15:17:33,826 - __main__ - WARNING - РџРѕРїС‹С‚РєР° 2: РћС€РёР±РєР° Р·Р°РїСЂРѕСЃР° https://russia.superjob.ru/vacancy/search/?keywords=Python&page=1: HTTPSConnectionPool(host='russia.superjob.ru', port=443): Read timed out. (read timeout=20)
2025-05-01 15:17:33,827 - __main__ - INFO - РќР°Р№РґРµРЅРѕ 0 РІР°РєР°РЅСЃРёР№
2025-05-01 15:20:48,730 - __main__ - INFO - РћР±СЂР°Р±РѕС‚РєР° СЃС‚СЂР°РЅРёС†С‹ 1: https://www.superjob.ru/vacancy/search/?keywords=Python&page=1
2025-05-01 15:20:48,730 - __main__ - ERROR - РљСЂРёС‚РёС‡РµСЃРєР°СЏ РѕС€РёР±РєР° РїСЂРё РїР°СЂСЃРёРЅРіРµ СЃС‚СЂР°РЅРёС†С‹ 1: 'SuperJobParser' object has no attribute '_get_soup'
2025-05-01 15:20:48,730 - __main__ - INFO - РћР±СЂР°Р±РѕС‚РєР° СЃС‚СЂР°РЅРёС†С‹ 2: https://www.superjob.ru/vacancy/search/?keywords=Python&page=2
2025-05-01 15:20:48,730 - __main__ - ERROR - РљСЂРёС‚РёС‡РµСЃРєР°СЏ РѕС€РёР±РєР° РїСЂРё РїР°СЂСЃРёРЅРіРµ СЃС‚СЂР°РЅРёС†С‹ 2: 'SuperJobParser' object has no attribute '_get_soup'
2025-05-01 15:20:48,730 - __main__ - INFO - РћР±СЂР°Р±РѕС‚РєР° СЃС‚СЂР°РЅРёС†С‹ 3: https://www.superjob.ru/vacancy/search/?keywords=Python&page=3
2025-05-01 15:20:48,730 - __main__ - ERROR - РљСЂРёС‚РёС‡РµСЃРєР°СЏ РѕС€РёР±РєР° РїСЂРё РїР°СЂСЃРёРЅРіРµ СЃС‚СЂР°РЅРёС†С‹ 3: 'SuperJobParser' object has no attribute '_get_soup'
2025-05-01 15:20:48,730 - __main__ - INFO - РќР°Р№РґРµРЅРѕ 0 РІР°РєР°РЅСЃРёР№
2025-05-01 15:21:05,086 - __main__ - INFO - РћР±СЂР°Р±РѕС‚РєР° СЃС‚СЂР°РЅРёС†С‹ 1: https://www.superjob.ru/vacancy/search/?keywords=Python&page=1
2025-05-01 15:21:05,086 - __main__ - ERROR - РљСЂРёС‚РёС‡РµСЃРєР°СЏ РѕС€РёР±РєР° РїСЂРё РїР°СЂСЃРёРЅРіРµ СЃС‚СЂР°РЅРёС†С‹ 1: 'SuperJobParser' object has no attribute '_get_soup'
2025-05-01 15:21:05,087 - __main__ - INFO - РћР±СЂР°Р±РѕС‚РєР° СЃС‚СЂР°РЅРёС†С‹ 2: https://www.superjob.ru/vacancy/search/?keywords=Python&page=2
2025-05-01 15:21:05,087 - __main__ - ERROR - РљСЂРёС‚РёС‡РµСЃРєР°СЏ РѕС€РёР±РєР° РїСЂРё РїР°СЂСЃРёРЅРіРµ СЃС‚СЂР°РЅРёС†С‹ 2: 'SuperJobParser' object has no attribute '_get_soup'
2025-05-01 15:21:05,087 - __main__ - INFO - РћР±СЂР°Р±РѕС‚РєР° СЃС‚СЂР°РЅРёС†С‹ 3: https://www.superjob.ru/vacancy/search/?keywords=Python&page=3
2025-05-01 15:21:05,087 - __main__ - ERROR - РљСЂРёС‚РёС‡РµСЃРєР°СЏ РѕС€РёР±РєР° РїСЂРё РїР°СЂСЃРёРЅРіРµ СЃС‚СЂР°РЅРёС†С‹ 3: 'SuperJobParser' object has no attribute '_get_soup'
2025-05-01 15:21:05,088 - __main__ - INFO - РќР°Р№РґРµРЅРѕ 0 РІР°РєР°РЅСЃРёР№
2025-05-01 15:36:29,220 - __main__ - INFO - РћР±СЂР°Р±РѕС‚РєР° СЃС‚СЂР°РЅРёС†С‹ 1: https://www.superjob.ru/vacancy/search/?keywords=Python&page=1
2025-05-01 15:36:40,696 - __main__ - ERROR - РћР±РЅР°СЂСѓР¶РµРЅР° РєР°РїС‡Р°. РџР°СѓР·Р° РЅР° 10 РјРёРЅСѓС‚.
2025-05-01 15:42:05,397 - __main__ - INFO - Начинаем парсинг RSS-ленты: https://www.fl.ru/rss/all.xml?subcategory=297&category=5
2025-05-01 15:42:08,251 - __main__ - INFO - Успешно обработано 39 задач
2025-05-01 15:46:40,698 - __main__ - WARNING - РџСЂРѕРїСѓСЃРє СЃС‚СЂР°РЅРёС†С‹ РёР·-Р·Р° РѕР±РЅР°СЂСѓР¶РµРЅРЅРѕР№ РєР°РїС‡Рё
2025-05-01 15:46:40,698 - __main__ - WARNING - РџСЂРѕРїСѓСЃРє СЃС‚СЂР°РЅРёС†С‹ РёР·-Р·Р° РѕР±РЅР°СЂСѓР¶РµРЅРЅРѕР№ РєР°РїС‡Рё
2025-05-01 15:46:40,698 - __main__ - INFO - РќР°Р№РґРµРЅРѕ 0 РІР°РєР°РЅСЃРёР№
